<?xml version="1.0" encoding="UTF-8"?>
<testsuite xmlns:xsi="http://www.w3.org/2001/XMLSchema-instance" xsi:noNamespaceSchemaLocation="https://maven.apache.org/surefire/maven-surefire-plugin/xsd/surefire-test-report.xsd" version="3.0.2" name="com.openclassrooms.safetynet.service.ChildAlertServiceTest" time="0.024" tests="2" errors="0" skipped="0" failures="0">
  <properties>
[...]
</properties>
  <testcase name="getChildAlert_returnsEmptyWhenNoChildren" classname="com.openclassrooms.safetynet.service.ChildAlertServiceTest" time="0.015"/>
  <testcase name="getChildAlert_returnsChildAndHouseholdMembers" classname="com.openclassrooms.safetynet.service.ChildAlertServiceTest" time="0.005"/>
</testsuite>